TN:
SF:/Users/lambertsteven/fs/fs-elements/fs-person/fs-person.html
FN:281,(anonymous_1)
FN:297,htmlDecode
FN:316,(anonymous_3)
FN:322,(anonymous_4)
FN:354,(anonymous_5)
FN:357,(anonymous_6)
FN:387,(anonymous_7)
FNF:7
FNH:7
FNDA:1,(anonymous_1)
FNDA:96,htmlDecode
FNDA:34,(anonymous_3)
FNDA:15,(anonymous_4)
FNDA:738,(anonymous_5)
FNDA:32,(anonymous_6)
FNDA:33,(anonymous_7)
DA:281,1
DA:282,1
DA:283,1
DA:284,1
DA:285,1
DA:287,1
DA:288,1
DA:297,1
DA:298,96
DA:300,93
DA:301,93
DA:314,1
DA:316,1
DA:319,34
DA:325,15
DA:326,1
DA:327,1
DA:335,1
DA:355,738
DA:358,32
DA:361,32
DA:364,32
DA:365,32
DA:366,32
DA:369,32
DA:373,32
DA:378,32
DA:382,32
DA:387,1
DA:388,33
DA:391,32
DA:393,32
DA:394,32
DA:395,32
DA:398,32
DA:399,32
DA:400,32
DA:401,32
DA:402,32
DA:403,32
DA:404,32
DA:405,32
DA:406,32
DA:407,32
DA:410,32
DA:411,32
DA:412,32
DA:413,32
DA:414,32
DA:415,32
DA:418,32
DA:419,8
DA:422,8
DA:423,6
DA:426,2
DA:430,24
DA:434,32
DA:435,31
DA:438,31
DA:439,6
DA:441,25
DA:442,1
DA:445,31
DA:446,31
DA:449,1
DA:453,32
DA:454,31
DA:459,32
DA:460,1
DA:461,1
DA:464,31
DA:468,32
DA:469,31
DA:472,1
DA:476,32
DA:479,32
DA:480,30
DA:483,30
DA:486,2
DA:487,2
DA:491,32
DA:492,30
DA:495,2
DA:496,2
DA:500,32
DA:501,4
DA:504,32
DA:507,1
LF:88
LH:88
BRDA:282,1,0,1
BRDA:282,1,1,0
BRDA:298,2,0,3
BRDA:298,2,1,93
BRDA:325,3,0,1
BRDA:325,3,1,14
BRDA:361,4,0,32
BRDA:361,4,1,2
BRDA:369,5,0,30
BRDA:369,5,1,2
BRDA:369,6,0,32
BRDA:369,6,1,30
BRDA:373,7,0,31
BRDA:373,7,1,1
BRDA:373,8,0,32
BRDA:373,8,1,31
BRDA:378,9,0,30
BRDA:378,9,1,2
BRDA:378,10,0,32
BRDA:378,10,1,30
BRDA:388,11,0,1
BRDA:388,11,1,32
BRDA:418,12,0,8
BRDA:418,12,1,24
BRDA:418,13,0,32
BRDA:418,13,1,27
BRDA:422,14,0,6
BRDA:422,14,1,2
BRDA:434,15,0,31
BRDA:434,15,1,1
BRDA:434,16,0,32
BRDA:434,16,1,32
BRDA:438,17,0,6
BRDA:438,17,1,25
BRDA:438,18,0,31
BRDA:438,18,1,26
BRDA:441,19,0,1
BRDA:441,19,1,24
BRDA:453,20,0,31
BRDA:453,20,1,1
BRDA:459,21,0,1
BRDA:459,21,1,31
BRDA:468,22,0,31
BRDA:468,22,1,1
BRDA:479,23,0,30
BRDA:479,23,1,2
BRDA:479,24,0,32
BRDA:479,24,1,31
BRDA:491,25,0,30
BRDA:491,25,1,2
BRDA:491,26,0,32
BRDA:491,26,1,31
BRDA:500,27,0,4
BRDA:500,27,1,28
BRF:54
BRH:53
end_of_record
